0 info it worked if it ends with ok
1 verbose cli [ 'node', '/usr/local/bin/npm', 'install', 'css-sprite', '--save' ]
2 info using npm@1.2.32
3 info using node@v0.10.12
4 verbose read json /Users/tyssen/Documents/Tyssen Design/Boilerplate/package.json
5 warn package.json Boilerplate@0.0.5 No repository field.
6 warn package.json Boilerplate@0.0.5 No readme data.
7 verbose read json /Users/tyssen/Documents/Tyssen Design/Boilerplate/node_modules/css-condense/package.json
8 verbose read json /Users/tyssen/Documents/Tyssen Design/Boilerplate/node_modules/css-parse/package.json
9 verbose read json /Users/tyssen/Documents/Tyssen Design/Boilerplate/node_modules/gulp/package.json
10 verbose read json /Users/tyssen/Documents/Tyssen Design/Boilerplate/node_modules/gulp-autoprefixer/package.json
11 verbose read json /Users/tyssen/Documents/Tyssen Design/Boilerplate/node_modules/gulp-cache/package.json
12 verbose read json /Users/tyssen/Documents/Tyssen Design/Boilerplate/node_modules/gulp-combine-media-queries/package.json
13 verbose read json /Users/tyssen/Documents/Tyssen Design/Boilerplate/node_modules/gulp-compass/package.json
14 verbose read json /Users/tyssen/Documents/Tyssen Design/Boilerplate/node_modules/gulp-concat/package.json
15 verbose read json /Users/tyssen/Documents/Tyssen Design/Boilerplate/node_modules/gulp-imagemin/package.json
16 verbose read json /Users/tyssen/Documents/Tyssen Design/Boilerplate/node_modules/gulp-inline-css/package.json
17 verbose read json /Users/tyssen/Documents/Tyssen Design/Boilerplate/node_modules/gulp-jshint/package.json
18 verbose read json /Users/tyssen/Documents/Tyssen Design/Boilerplate/node_modules/gulp-livereload/package.json
19 verbose read json /Users/tyssen/Documents/Tyssen Design/Boilerplate/node_modules/gulp-minify-css/package.json
20 verbose read json /Users/tyssen/Documents/Tyssen Design/Boilerplate/node_modules/gulp-minify-html/package.json
21 verbose read json /Users/tyssen/Documents/Tyssen Design/Boilerplate/node_modules/gulp-notify/package.json
22 verbose read json /Users/tyssen/Documents/Tyssen Design/Boilerplate/node_modules/gulp-rename/package.json
23 verbose read json /Users/tyssen/Documents/Tyssen Design/Boilerplate/node_modules/gulp-svgmin/package.json
24 verbose read json /Users/tyssen/Documents/Tyssen Design/Boilerplate/node_modules/gulp-uglify/package.json
25 verbose read json /Users/tyssen/Documents/Tyssen Design/Boilerplate/node_modules/matchdep/package.json
26 verbose read json /Users/tyssen/Documents/Tyssen Design/Boilerplate/node_modules/tiny-lr/package.json
27 verbose from cache /Users/tyssen/Documents/Tyssen Design/Boilerplate/package.json
28 verbose readDependencies using package.json deps
29 verbose cache add [ 'css-sprite', null ]
30 verbose cache add name=undefined spec="css-sprite" args=["css-sprite",null]
31 verbose parsed url { protocol: null,
31 verbose parsed url   slashes: null,
31 verbose parsed url   auth: null,
31 verbose parsed url   host: null,
31 verbose parsed url   port: null,
31 verbose parsed url   hostname: null,
31 verbose parsed url   hash: null,
31 verbose parsed url   search: null,
31 verbose parsed url   query: null,
31 verbose parsed url   pathname: 'css-sprite',
31 verbose parsed url   path: 'css-sprite',
31 verbose parsed url   href: 'css-sprite' }
32 silly lockFile 28c7c298-css-sprite css-sprite
33 verbose lock css-sprite /Users/tyssen/.npm/28c7c298-css-sprite.lock
34 silly lockFile 28c7c298-css-sprite css-sprite
35 silly lockFile 28c7c298-css-sprite css-sprite
36 verbose addNamed [ 'css-sprite', '' ]
37 verbose addNamed [ null, '' ]
38 silly lockFile a548cb05-css-sprite css-sprite@
39 verbose lock css-sprite@ /Users/tyssen/.npm/a548cb05-css-sprite.lock
40 silly addNameRange { name: 'css-sprite', range: '', hasData: false }
41 verbose url raw css-sprite
42 verbose url resolving [ 'https://registry.npmjs.org/', './css-sprite' ]
43 verbose url resolved https://registry.npmjs.org/css-sprite
44 info trying registry request attempt 1 at 07:59:26
45 http GET https://registry.npmjs.org/css-sprite
46 http 200 https://registry.npmjs.org/css-sprite
47 silly registry.get cb [ 200,
47 silly registry.get   { date: 'Wed, 12 Mar 2014 21:59:27 GMT',
47 silly registry.get     server: 'CouchDB/1.5.0 (Erlang OTP/R16B)',
47 silly registry.get     etag: '"21N5ZAKKKOB8KFN6VMLD7QMG2"',
47 silly registry.get     'content-type': 'application/json',
47 silly registry.get     via: '1.1 varnish',
47 silly registry.get     'cache-control': 'max-age=1',
47 silly registry.get     'content-length': '21880',
47 silly registry.get     'accept-ranges': 'bytes',
47 silly registry.get     age: '0',
47 silly registry.get     'x-served-by': 'cache-v36-ASH, cache-syd1622-SYD',
47 silly registry.get     'x-cache': 'MISS, MISS',
47 silly registry.get     'x-cache-hits': '0, 0',
47 silly registry.get     'x-timer': 'S1394661566.913718462,VS0,VS-593,VE-563,VE258',
47 silly registry.get     vary: 'Accept',
47 silly registry.get     'keep-alive': 'timeout=10, max=50',
47 silly registry.get     connection: 'Keep-Alive' } ]
48 silly addNameRange number 2 { name: 'css-sprite', range: '', hasData: true }
49 silly addNameRange versions [ 'css-sprite',
49 silly addNameRange   [ '0.4.0',
49 silly addNameRange     '0.5.0',
49 silly addNameRange     '0.6.0',
49 silly addNameRange     '0.6.1',
49 silly addNameRange     '0.6.2',
49 silly addNameRange     '0.6.3',
49 silly addNameRange     '0.7.0-beta1',
49 silly addNameRange     '0.7.0-beta2' ] ]
50 verbose addNamed [ 'css-sprite', '0.7.0-beta2' ]
51 verbose addNamed [ '0.7.0-beta2', '0.7.0-beta2' ]
52 silly lockFile ca5c3ebe-css-sprite-0-7-0-beta2 css-sprite@0.7.0-beta2
53 verbose lock css-sprite@0.7.0-beta2 /Users/tyssen/.npm/ca5c3ebe-css-sprite-0-7-0-beta2.lock
54 silly lockFile 2af69b1a-prite-css-sprite-0-7-0-beta2-tgz https://registry.npmjs.org/css-sprite/-/css-sprite-0.7.0-beta2.tgz
55 verbose lock https://registry.npmjs.org/css-sprite/-/css-sprite-0.7.0-beta2.tgz /Users/tyssen/.npm/2af69b1a-prite-css-sprite-0-7-0-beta2-tgz.lock
56 verbose addRemoteTarball [ 'https://registry.npmjs.org/css-sprite/-/css-sprite-0.7.0-beta2.tgz',
56 verbose addRemoteTarball   '454e222388d53c2d81118c9be0695b642bbed151' ]
57 info retry fetch attempt 1 at 07:59:27
58 verbose fetch to= /var/folders/46/7zxbq0kx5gz2ld04gh28jvsm0000gn/T/npm-64679/1394661567328-0.623444507829845/tmp.tgz
59 http GET https://registry.npmjs.org/css-sprite/-/css-sprite-0.7.0-beta2.tgz
60 http 200 https://registry.npmjs.org/css-sprite/-/css-sprite-0.7.0-beta2.tgz
61 verbose tar unpack /var/folders/46/7zxbq0kx5gz2ld04gh28jvsm0000gn/T/npm-64679/1394661567328-0.623444507829845/tmp.tgz
62 silly lockFile 52988ca0-567328-0-623444507829845-package tar:///var/folders/46/7zxbq0kx5gz2ld04gh28jvsm0000gn/T/npm-64679/1394661567328-0.623444507829845/package
63 verbose lock tar:///var/folders/46/7zxbq0kx5gz2ld04gh28jvsm0000gn/T/npm-64679/1394661567328-0.623444507829845/package /Users/tyssen/.npm/52988ca0-567328-0-623444507829845-package.lock
64 silly lockFile 4d523a40-567328-0-623444507829845-tmp-tgz tar:///var/folders/46/7zxbq0kx5gz2ld04gh28jvsm0000gn/T/npm-64679/1394661567328-0.623444507829845/tmp.tgz
65 verbose lock tar:///var/folders/46/7zxbq0kx5gz2ld04gh28jvsm0000gn/T/npm-64679/1394661567328-0.623444507829845/tmp.tgz /Users/tyssen/.npm/4d523a40-567328-0-623444507829845-tmp-tgz.lock
66 silly gunzTarPerm modes [ '755', '644' ]
67 silly gunzTarPerm extractEntry package.json
68 silly gunzTarPerm extractEntry .npmignore
69 silly gunzTarPerm extractEntry LICENSE
70 silly gunzTarPerm extractEntry index.js
71 silly gunzTarPerm extractEntry bin/cli.js
72 silly gunzTarPerm extractEntry .jshintrc
73 silly gunzTarPerm extractEntry .jscs.json
74 silly gunzTarPerm extractEntry .editorconfig
75 silly gunzTarPerm extractEntry lib/css-sprite.js
76 silly gunzTarPerm extractEntry lib/replace-extension.js
77 silly gunzTarPerm extractEntry lib/templates/sprite.js
78 silly gunzTarPerm extractEntry lib/templates/css.mustache
79 silly gunzTarPerm extractEntry lib/templates/less.mustache
80 silly gunzTarPerm extractEntry lib/templates/sass.mustache
81 silly gunzTarPerm extractEntry lib/templates/scss.mustache
82 silly gunzTarPerm extractEntry lib/templates/stylus.mustache
83 silly gunzTarPerm extractEntry .travis.yml
84 silly gunzTarPerm extractEntry readme.md
85 silly gunzTarPerm extractEntry tasks/css_sprite.js
86 silly gunzTarPerm extractEntry test/commandline.js
87 silly gunzTarPerm extractEntry test/css-sprite.js
88 silly gunzTarPerm extractEntry test/styles.js
89 silly gunzTarPerm extractEntry test/wrapper.js
90 silly gunzTarPerm extractEntry test/fixtures/camera.png
91 silly gunzTarPerm extractEntry test/fixtures/cart.png
92 silly gunzTarPerm extractEntry test/fixtures/command.png
93 silly gunzTarPerm extractEntry test/fixtures/font.png
94 silly gunzTarPerm extractEntry test/styles/style.less
95 silly gunzTarPerm extractEntry test/styles/style.scss
96 silly gunzTarPerm extractEntry test/styles/style.styl
97 verbose read json /var/folders/46/7zxbq0kx5gz2ld04gh28jvsm0000gn/T/npm-64679/1394661567328-0.623444507829845/package/package.json
98 silly lockFile 52988ca0-567328-0-623444507829845-package tar:///var/folders/46/7zxbq0kx5gz2ld04gh28jvsm0000gn/T/npm-64679/1394661567328-0.623444507829845/package
99 silly lockFile 52988ca0-567328-0-623444507829845-package tar:///var/folders/46/7zxbq0kx5gz2ld04gh28jvsm0000gn/T/npm-64679/1394661567328-0.623444507829845/package
100 silly lockFile 4d523a40-567328-0-623444507829845-tmp-tgz tar:///var/folders/46/7zxbq0kx5gz2ld04gh28jvsm0000gn/T/npm-64679/1394661567328-0.623444507829845/tmp.tgz
101 silly lockFile 4d523a40-567328-0-623444507829845-tmp-tgz tar:///var/folders/46/7zxbq0kx5gz2ld04gh28jvsm0000gn/T/npm-64679/1394661567328-0.623444507829845/tmp.tgz
102 verbose from cache /var/folders/46/7zxbq0kx5gz2ld04gh28jvsm0000gn/T/npm-64679/1394661567328-0.623444507829845/package/package.json
103 verbose tar pack [ '/Users/tyssen/.npm/css-sprite/0.7.0-beta2/package.tgz',
103 verbose tar pack   '/var/folders/46/7zxbq0kx5gz2ld04gh28jvsm0000gn/T/npm-64679/1394661567328-0.623444507829845/package' ]
104 verbose tarball /Users/tyssen/.npm/css-sprite/0.7.0-beta2/package.tgz
105 verbose folder /var/folders/46/7zxbq0kx5gz2ld04gh28jvsm0000gn/T/npm-64679/1394661567328-0.623444507829845/package
106 silly lockFile 52988ca0-567328-0-623444507829845-package tar:///var/folders/46/7zxbq0kx5gz2ld04gh28jvsm0000gn/T/npm-64679/1394661567328-0.623444507829845/package
107 verbose lock tar:///var/folders/46/7zxbq0kx5gz2ld04gh28jvsm0000gn/T/npm-64679/1394661567328-0.623444507829845/package /Users/tyssen/.npm/52988ca0-567328-0-623444507829845-package.lock
108 silly lockFile b6e0f356-s-sprite-0-7-0-beta2-package-tgz tar:///Users/tyssen/.npm/css-sprite/0.7.0-beta2/package.tgz
109 verbose lock tar:///Users/tyssen/.npm/css-sprite/0.7.0-beta2/package.tgz /Users/tyssen/.npm/b6e0f356-s-sprite-0-7-0-beta2-package-tgz.lock
110 silly lockFile 52988ca0-567328-0-623444507829845-package tar:///var/folders/46/7zxbq0kx5gz2ld04gh28jvsm0000gn/T/npm-64679/1394661567328-0.623444507829845/package
111 silly lockFile 52988ca0-567328-0-623444507829845-package tar:///var/folders/46/7zxbq0kx5gz2ld04gh28jvsm0000gn/T/npm-64679/1394661567328-0.623444507829845/package
112 silly lockFile b6e0f356-s-sprite-0-7-0-beta2-package-tgz tar:///Users/tyssen/.npm/css-sprite/0.7.0-beta2/package.tgz
113 silly lockFile b6e0f356-s-sprite-0-7-0-beta2-package-tgz tar:///Users/tyssen/.npm/css-sprite/0.7.0-beta2/package.tgz
114 silly lockFile 6443e2c8-m-css-sprite-0-7-0-beta2-package /Users/tyssen/.npm/css-sprite/0.7.0-beta2/package
115 verbose lock /Users/tyssen/.npm/css-sprite/0.7.0-beta2/package /Users/tyssen/.npm/6443e2c8-m-css-sprite-0-7-0-beta2-package.lock
116 silly lockFile 6443e2c8-m-css-sprite-0-7-0-beta2-package /Users/tyssen/.npm/css-sprite/0.7.0-beta2/package
117 silly lockFile 6443e2c8-m-css-sprite-0-7-0-beta2-package /Users/tyssen/.npm/css-sprite/0.7.0-beta2/package
118 verbose tar unpack /Users/tyssen/.npm/css-sprite/0.7.0-beta2/package.tgz
119 silly lockFile 29bce1ce-m-css-sprite-0-7-0-beta2-package tar:///Users/tyssen/.npm/css-sprite/0.7.0-beta2/package
120 verbose lock tar:///Users/tyssen/.npm/css-sprite/0.7.0-beta2/package /Users/tyssen/.npm/29bce1ce-m-css-sprite-0-7-0-beta2-package.lock
121 silly lockFile b6e0f356-s-sprite-0-7-0-beta2-package-tgz tar:///Users/tyssen/.npm/css-sprite/0.7.0-beta2/package.tgz
122 verbose lock tar:///Users/tyssen/.npm/css-sprite/0.7.0-beta2/package.tgz /Users/tyssen/.npm/b6e0f356-s-sprite-0-7-0-beta2-package-tgz.lock
123 silly gunzTarPerm modes [ '755', '644' ]
124 silly gunzTarPerm extractEntry package.json
125 silly gunzTarPerm extractEntry .npmignore
126 silly gunzTarPerm extractEntry LICENSE
127 silly gunzTarPerm extractEntry index.js
128 silly gunzTarPerm extractEntry bin/cli.js
129 silly gunzTarPerm extractEntry .jshintrc
130 silly gunzTarPerm extractEntry .jscs.json
131 silly gunzTarPerm extractEntry .editorconfig
132 silly gunzTarPerm extractEntry lib/css-sprite.js
133 silly gunzTarPerm extractEntry lib/replace-extension.js
134 silly gunzTarPerm extractEntry lib/templates/sprite.js
135 silly gunzTarPerm extractEntry lib/templates/css.mustache
136 silly gunzTarPerm extractEntry lib/templates/less.mustache
137 silly gunzTarPerm extractEntry lib/templates/sass.mustache
138 silly gunzTarPerm extractEntry lib/templates/scss.mustache
139 silly gunzTarPerm extractEntry lib/templates/stylus.mustache
140 silly gunzTarPerm extractEntry .travis.yml
141 silly gunzTarPerm extractEntry readme.md
142 silly gunzTarPerm extractEntry tasks/css_sprite.js
143 silly gunzTarPerm extractEntry test/commandline.js
144 silly gunzTarPerm extractEntry test/css-sprite.js
145 silly gunzTarPerm extractEntry test/styles.js
146 silly gunzTarPerm extractEntry test/wrapper.js
147 silly gunzTarPerm extractEntry test/fixtures/camera.png
148 silly gunzTarPerm extractEntry test/fixtures/cart.png
149 silly gunzTarPerm extractEntry test/fixtures/command.png
150 silly gunzTarPerm extractEntry test/fixtures/font.png
151 silly gunzTarPerm extractEntry test/styles/style.less
152 silly gunzTarPerm extractEntry test/styles/style.scss
153 silly gunzTarPerm extractEntry test/styles/style.styl
154 verbose read json /Users/tyssen/.npm/css-sprite/0.7.0-beta2/package/package.json
155 silly lockFile 29bce1ce-m-css-sprite-0-7-0-beta2-package tar:///Users/tyssen/.npm/css-sprite/0.7.0-beta2/package
156 silly lockFile 29bce1ce-m-css-sprite-0-7-0-beta2-package tar:///Users/tyssen/.npm/css-sprite/0.7.0-beta2/package
157 silly lockFile b6e0f356-s-sprite-0-7-0-beta2-package-tgz tar:///Users/tyssen/.npm/css-sprite/0.7.0-beta2/package.tgz
158 silly lockFile b6e0f356-s-sprite-0-7-0-beta2-package-tgz tar:///Users/tyssen/.npm/css-sprite/0.7.0-beta2/package.tgz
159 verbose from cache /Users/tyssen/.npm/css-sprite/0.7.0-beta2/package/package.json
160 verbose chmod /Users/tyssen/.npm/css-sprite/0.7.0-beta2/package.tgz 644
161 verbose chown /Users/tyssen/.npm/css-sprite/0.7.0-beta2/package.tgz [ 501, 20 ]
162 silly lockFile 2af69b1a-prite-css-sprite-0-7-0-beta2-tgz https://registry.npmjs.org/css-sprite/-/css-sprite-0.7.0-beta2.tgz
163 silly lockFile 2af69b1a-prite-css-sprite-0-7-0-beta2-tgz https://registry.npmjs.org/css-sprite/-/css-sprite-0.7.0-beta2.tgz
164 silly lockFile ca5c3ebe-css-sprite-0-7-0-beta2 css-sprite@0.7.0-beta2
165 silly lockFile ca5c3ebe-css-sprite-0-7-0-beta2 css-sprite@0.7.0-beta2
166 silly lockFile a548cb05-css-sprite css-sprite@
167 silly lockFile a548cb05-css-sprite css-sprite@
168 silly resolved [ { name: 'css-sprite',
168 silly resolved     version: '0.7.0-beta2',
168 silly resolved     description: 'css sprite generator',
168 silly resolved     license: 'MIT',
168 silly resolved     repository:
168 silly resolved      { type: 'git',
168 silly resolved        url: 'https://github.com/aslansky/css-sprite.git' },
168 silly resolved     homepage: 'https://github.com/aslansky/css-sprite',
168 silly resolved     bugs: { url: 'https://github.com/aslansky/css-sprite/issues' },
168 silly resolved     author:
168 silly resolved      { name: 'Alexander Slansky',
168 silly resolved        email: 'alexander@slansky.net',
168 silly resolved        url: 'http://slansky.net' },
168 silly resolved     engines: { node: '>=0.10.0' },
168 silly resolved     bin: { 'css-sprite': './bin/cli.js' },
168 silly resolved     scripts:
168 silly resolved      { test: 'mocha --reporter spec',
168 silly resolved        coveralls: 'istanbul cover _mocha --report lcovonly -- -R spec && cat ./coverage/lcov.info | coveralls && rm -rf ./coverage',
168 silly resolved        coverage: 'istanbul cover _mocha --report html -- -R spec',
168 silly resolved        hint: 'jshint lib/**/*.js index.js',
168 silly resolved        style: 'jscs test/*.js lib/**/*.js index.js' },
168 silly resolved     main: './index.js',
168 silly resolved     keywords:
168 silly resolved      [ 'sprites',
168 silly resolved        'sprite',
168 silly resolved        'coordinates',
168 silly resolved        'css',
168 silly resolved        'scss',
168 silly resolved        'less',
168 silly resolved        'sass',
168 silly resolved        'stylus',
168 silly resolved        'gulpfriendly',
168 silly resolved        'gruntplugin' ],
168 silly resolved     dependencies:
168 silly resolved      { 'vinyl-fs': '^0.1.0',
168 silly resolved        canvas: '^1.1.3',
168 silly resolved        json2css: '^4.2.2',
168 silly resolved        lodash: '^2.4.1',
168 silly resolved        nomnom: '^1.6.2',
168 silly resolved        vinyl: '^0.2.3',
168 silly resolved        'graceful-fs': '^2.0.1',
168 silly resolved        mkdirp: '^0.3.5',
168 silly resolved        gaze: '^0.5.0',
168 silly resolved        imageinfo: '^1.0.4',
168 silly resolved        through2: '^0.4.1',
168 silly resolved        mustache: '^0.8.1' },
168 silly resolved     devDependencies:
168 silly resolved      { mocha: '^1.17.1',
168 silly resolved        'mocha-lcov-reporter': '^0.0.1',
168 silly resolved        coveralls: '^2.8.0',
168 silly resolved        istanbul: '^0.2.6',
168 silly resolved        should: '^3.1.3',
168 silly resolved        async: '^0.2.10',
168 silly resolved        stylus: '^0.42.3',
168 silly resolved        'node-sass': '^0.8.1',
168 silly resolved        less: '^1.7.0',
168 silly resolved        'clean-css': '^2.1.5',
168 silly resolved        grunt: '^0.4.3' },
168 silly resolved     readme: '# css-sprite\n\n[![NPM version](https://badge.fury.io/js/css-sprite.png)](http://badge.fury.io/js/css-sprite) [![Build Status](https://travis-ci.org/aslansky/css-sprite.png?branch=master)](https://travis-ci.org/aslansky/css-sprite) [![Coverage Status](https://coveralls.io/repos/aslansky/css-sprite/badge.png)](https://coveralls.io/r/aslansky/css-sprite) [![Dependencies](https://david-dm.org/aslansky/css-sprite.png)](https://david-dm.org/aslansky/css-sprite)\n\n> A css sprite generator.\n\n> Generates sprites and propper css files out of a directory of images.\n\n> Supports retina sprites.\n\n> Can inline base64 encoded sprites.\n\n## Requirements\n\n`css-sprite` requires [node-canvas](https://github.com/learnboost/node-canvas) which depends on [Cairo](http://cairographics.org/).\n\nPlease refer to the [installation guide](https://github.com/learnboost/node-canvas/wiki).\n\n## Install\n\nInstall with [npm](https://npmjs.org/package/css-sprite)\n\n```\nnpm install css-sprite --save\n```\n\nIf you want to use `css-sprite` on your cli install with:\n\n```\nnpm install css-sprite -g\n```\n\n## Command Line Interface\n\n```\nUsage: css-sprite <out> <src>... [options]\n\nout     path of directory to write sprite file to\nsrc     glob strings to find source images to put into the sprite\n\nOptions:\n   -b, --base64           create css with base64 encoded sprite (css file will be written to <out>)\n   -c, --css-image-path   http path to images on the web server (relative to css path or absolute path)  [../images]\n   -n, --name             name of sprite file  [sprite.png]\n   -p, --processor        output format of the css. one of css, less, sass, scss or stylus  [css]\n   -r, --retina           generate both retina and standard sprites. src images have to be in retina resolution\n   -s, --style            file to write css to, if ommited no css is written\n   -w, --watch            continuously create sprite\n   --margin               margin in px between tiles  [5]\n   --orientation          orientation of the sprite image  [vertical]\n   --prefix               prefix for the class name used in css (without .) [icon]\n```\n\n## Programatic usage\n```\nvar sprite = require(\'css-sprite\');\nsprite.create(options, cb);\n```\n\n### Options\n* **src:** Array or string of globs to find source images to put into the sprite.  [required]\n* **out:** path of directory to write sprite file to  [process.cwd()]\n* **base64:** when true instead of creating a sprite writes base64 encoded images to css (css file will be written to `<out>`)\n* **cssPath:** http path to images on the web server (relative to css path or absolute)  [../images]\n* **name:** name of the sprite file  [sprite.png]\n* **processor:** output format of the css. one of css, less, sass, scss or stylus  [css]\n* **retina:** generate both retina and standard sprites. src images have to be in retina resolution\n* **style:** file to write css to, if omitted no css is written\n* **margin:** margin in px between tiles  [5]\n* **orientation:** orientation of the sprite image [vertical]\n* **prefix:** prefix for the class name used in css (without .) [icon]\n\n\n### Example\n```\nvar sprite = require(\'css-sprite\');\nsprite.create({\n  src: [\'./src/img/*.png\'],\n  out: \'./dist/img\'\n  name: \'sprites.png\',\n  style: \'./dist/scss/_sprites.scss\',\n  cssPath: \'../img\',\n  processor: \'scss\'\n}, function () {\n  console.log(\'done\');\n});\n```\n\n## Usage with [Gulp](http://gulpjs.com)\n```\nvar gulp = require(\'gulp\');\nvar gulpif = require(\'gulp-if\');\nvar sprite = require(\'css-sprite\').stream;\n\n// generate sprite.png and _sprite.scss\ngulp.task(\'sprites\', function () {\n  return gulp.src(\'./src/img/*.png\')\n    .pipe(sprite({\n      name: \'sprite.png\',\n      style: \'_sprite.scss\',\n      cssPath: \'./img\',\n      processor: \'scss\'\n    }))\n    .pipe(gulpif(\'*.png\', gulp.dest(\'./dist/img/\')))\n    .pipe(gulpif(\'*.scss\', gulp.dest(\'./dist/scss/\')));\n});\n// generate scss with base64 encoded images\ngulp.task(\'base64\', function () {\n  return gulp.src(\'./src/img/*.png\')\n    .pipe(sprite({\n      base64: true,\n      style: \'_base64.scss\',\n      processor: \'scss\'\n    }))\n    .pipe(gulp.dest(\'./dist/scss/\'));\n});\n```\n\nOptions to use `css-sprite` with [Gulp](http://gulpjs.com) are the same as for the `sprite.create` function with the exception of `src` and `out`.\n\n## Usage with [Grunt](http://gruntjs.com)\n\nAdd `css-sprite` as a dependency to your grunt project and then use something like this in your `gruntfile.js`:\n\n```\nmodule.exports = function(grunt) {\n\n  // Project configuration.\n  grunt.initConfig({\n    css_sprite: {\n      options: {\n        \'cssPath\': \'../images\',\n        \'processor\': \'css\',\n        \'orientation\': \'vertical\',\n        \'margin\': 5\n      },\n      sprite: {\n        options: {\n          \'style\': \'dest/css/sprite.css\'\n        },\n        src: [\'src/images/*\', \'src/images2/*\'],\n        dest: \'dest/images/sprite.png\',\n      },\n      base64: {\n        options: {\n          \'base64\': true\n        },\n        src: [\'src/images/*\'],\n        dest: \'dest/scss/base64.css\',\n      }\n    }\n  });\n\n  // Load the plugin that provides the "css-sprite" task.\n  grunt.loadNpmTasks(\'css-sprite\');\n\n  // Default task(s).\n  grunt.registerTask(\'default\', [\'css_sprite\']);\n};\n```\n\nOptions to use `css-sprite` with [Grunt](http://gruntjs.com) are the same as for the `sprite.create` function with the exception of `src` and `out`.\n\n\n## Usage with [sass](http://sass-lang.com/) / [less](http://lesscss.org/) / [stylus](http://learnboost.github.io/stylus/)\n\n#### [scss](http://sass-lang.com/) example\n\n```\n@import \'sprite\'; // the generated style file (sprite.scss)\n\n// camera icon (camera.png in src directory)\n.icon-camera {\n  @include sprite($camera);\n}\n\n// cart icon (cart.png in src directory)\n.icon-cart {\n  @include sprite($cart);\n}\n```\n\n#### [sass](http://sass-lang.com/) example\n\n```\n@import \'sprite\' // the generated style file (sprite.sass)\n\n// camera icon (camera.png in src directory)\n.icon-camera\n  +sprite($camera)\n\n// cart icon (cart.png in src directory)  \n.icon-cart\n  +sprite($cart)\n```\n\n#### [less](http://lesscss.org/) example\n\n```\n@import \'sprite\'; // the generated style file (sprite.less)\n\n// camera icon (camera.png in src directory)\n.icon-camera {\n  .sprite(@camera);\n}\n\n// cart icon (cart.png in src directory)\n.icon-cart {\n  .sprite(@cart);\n}\n```\n\n#### [stylus](http://learnboost.github.io/stylus/) example\n\n```\n@import \'sprite\' // the generated style file (sprite.styl)\n\n// camera icon (camera.png in src directory)\n.icon-camera\n  sprite($camera)\n  \n// cart icon (cart.png in src directory)\n.icon-cart\n  sprite($cart)\n```',
168 silly resolved     readmeFilename: 'readme.md',
168 silly resolved     _id: 'css-sprite@0.7.0-beta2',
168 silly resolved     dist: { shasum: '6401dd3918ca8c9e51ebce66f1d0d8b8b36e1abf' },
168 silly resolved     _from: 'css-sprite@',
168 silly resolved     _resolved: 'https://registry.npmjs.org/css-sprite/-/css-sprite-0.7.0-beta2.tgz' } ]
169 info install css-sprite@0.7.0-beta2 into /Users/tyssen/Documents/Tyssen Design/Boilerplate
170 info installOne css-sprite@0.7.0-beta2
171 verbose from cache /Users/tyssen/.npm/css-sprite/0.7.0-beta2/package/package.json
172 info /Users/tyssen/Documents/Tyssen Design/Boilerplate/node_modules/css-sprite unbuild
173 verbose read json /Users/tyssen/Documents/Tyssen Design/Boilerplate/node_modules/css-sprite/package.json
174 verbose tar unpack /Users/tyssen/.npm/css-sprite/0.7.0-beta2/package.tgz
175 silly lockFile ed7128a1-lerplate-node-modules-css-sprite tar:///Users/tyssen/Documents/Tyssen Design/Boilerplate/node_modules/css-sprite
176 verbose lock tar:///Users/tyssen/Documents/Tyssen Design/Boilerplate/node_modules/css-sprite /Users/tyssen/.npm/ed7128a1-lerplate-node-modules-css-sprite.lock
177 silly lockFile b6e0f356-s-sprite-0-7-0-beta2-package-tgz tar:///Users/tyssen/.npm/css-sprite/0.7.0-beta2/package.tgz
178 verbose lock tar:///Users/tyssen/.npm/css-sprite/0.7.0-beta2/package.tgz /Users/tyssen/.npm/b6e0f356-s-sprite-0-7-0-beta2-package-tgz.lock
179 silly gunzTarPerm modes [ '755', '644' ]
180 silly gunzTarPerm extractEntry package.json
181 silly gunzTarPerm extractEntry .npmignore
182 silly gunzTarPerm extractEntry LICENSE
183 silly gunzTarPerm extractEntry index.js
184 silly gunzTarPerm extractEntry bin/cli.js
185 silly gunzTarPerm extractEntry .jshintrc
186 silly gunzTarPerm extractEntry .jscs.json
187 silly gunzTarPerm extractEntry .editorconfig
188 silly gunzTarPerm extractEntry lib/css-sprite.js
189 silly gunzTarPerm extractEntry lib/replace-extension.js
190 silly gunzTarPerm extractEntry lib/templates/sprite.js
191 silly gunzTarPerm extractEntry lib/templates/css.mustache
192 silly gunzTarPerm extractEntry lib/templates/less.mustache
193 silly gunzTarPerm extractEntry lib/templates/sass.mustache
194 silly gunzTarPerm extractEntry lib/templates/scss.mustache
195 silly gunzTarPerm extractEntry lib/templates/stylus.mustache
196 silly gunzTarPerm extractEntry .travis.yml
197 silly gunzTarPerm extractEntry readme.md
198 silly gunzTarPerm extractEntry tasks/css_sprite.js
199 silly gunzTarPerm extractEntry test/commandline.js
200 silly gunzTarPerm extractEntry test/css-sprite.js
201 silly gunzTarPerm extractEntry test/styles.js
202 silly gunzTarPerm extractEntry test/wrapper.js
203 silly gunzTarPerm extractEntry test/fixtures/camera.png
204 silly gunzTarPerm extractEntry test/fixtures/cart.png
205 silly gunzTarPerm extractEntry test/fixtures/command.png
206 silly gunzTarPerm extractEntry test/fixtures/font.png
207 silly gunzTarPerm extractEntry test/styles/style.less
208 silly gunzTarPerm extractEntry test/styles/style.scss
209 silly gunzTarPerm extractEntry test/styles/style.styl
210 verbose read json /Users/tyssen/Documents/Tyssen Design/Boilerplate/node_modules/css-sprite/package.json
211 silly lockFile ed7128a1-lerplate-node-modules-css-sprite tar:///Users/tyssen/Documents/Tyssen Design/Boilerplate/node_modules/css-sprite
212 silly lockFile ed7128a1-lerplate-node-modules-css-sprite tar:///Users/tyssen/Documents/Tyssen Design/Boilerplate/node_modules/css-sprite
213 silly lockFile b6e0f356-s-sprite-0-7-0-beta2-package-tgz tar:///Users/tyssen/.npm/css-sprite/0.7.0-beta2/package.tgz
214 silly lockFile b6e0f356-s-sprite-0-7-0-beta2-package-tgz tar:///Users/tyssen/.npm/css-sprite/0.7.0-beta2/package.tgz
215 info preinstall css-sprite@0.7.0-beta2
216 verbose from cache /Users/tyssen/Documents/Tyssen Design/Boilerplate/node_modules/css-sprite/package.json
217 verbose readDependencies using package.json deps
218 verbose from cache /Users/tyssen/Documents/Tyssen Design/Boilerplate/node_modules/css-sprite/package.json
219 verbose readDependencies using package.json deps
220 verbose cache add [ 'json2css@^4.2.2', null ]
221 verbose cache add name=undefined spec="json2css@^4.2.2" args=["json2css@^4.2.2",null]
222 verbose parsed url { protocol: null,
222 verbose parsed url   slashes: null,
222 verbose parsed url   auth: null,
222 verbose parsed url   host: null,
222 verbose parsed url   port: null,
222 verbose parsed url   hostname: null,
222 verbose parsed url   hash: null,
222 verbose parsed url   search: null,
222 verbose parsed url   query: null,
222 verbose parsed url   pathname: 'json2css@^4.2.2',
222 verbose parsed url   path: 'json2css@^4.2.2',
222 verbose parsed url   href: 'json2css@^4.2.2' }
223 verbose cache add name="json2css" spec="^4.2.2" args=["json2css","^4.2.2"]
224 verbose parsed url { protocol: null,
224 verbose parsed url   slashes: null,
224 verbose parsed url   auth: null,
224 verbose parsed url   host: null,
224 verbose parsed url   port: null,
224 verbose parsed url   hostname: null,
224 verbose parsed url   hash: null,
224 verbose parsed url   search: null,
224 verbose parsed url   query: null,
224 verbose parsed url   pathname: '^4.2.2',
224 verbose parsed url   path: '^4.2.2',
224 verbose parsed url   href: '^4.2.2' }
225 verbose addNamed [ 'json2css', '^4.2.2' ]
226 verbose addNamed [ null, null ]
227 silly lockFile da614792-json2css-4-2-2 json2css@^4.2.2
228 verbose lock json2css@^4.2.2 /Users/tyssen/.npm/da614792-json2css-4-2-2.lock
229 verbose cache add [ 'vinyl-fs@^0.1.0', null ]
230 verbose cache add name=undefined spec="vinyl-fs@^0.1.0" args=["vinyl-fs@^0.1.0",null]
231 verbose parsed url { protocol: null,
231 verbose parsed url   slashes: null,
231 verbose parsed url   auth: null,
231 verbose parsed url   host: null,
231 verbose parsed url   port: null,
231 verbose parsed url   hostname: null,
231 verbose parsed url   hash: null,
231 verbose parsed url   search: null,
231 verbose parsed url   query: null,
231 verbose parsed url   pathname: 'vinyl-fs@^0.1.0',
231 verbose parsed url   path: 'vinyl-fs@^0.1.0',
231 verbose parsed url   href: 'vinyl-fs@^0.1.0' }
232 verbose cache add name="vinyl-fs" spec="^0.1.0" args=["vinyl-fs","^0.1.0"]
233 verbose parsed url { protocol: null,
233 verbose parsed url   slashes: null,
233 verbose parsed url   auth: null,
233 verbose parsed url   host: null,
233 verbose parsed url   port: null,
233 verbose parsed url   hostname: null,
233 verbose parsed url   hash: null,
233 verbose parsed url   search: null,
233 verbose parsed url   query: null,
233 verbose parsed url   pathname: '^0.1.0',
233 verbose parsed url   path: '^0.1.0',
233 verbose parsed url   href: '^0.1.0' }
234 verbose addNamed [ 'vinyl-fs', '^0.1.0' ]
235 verbose addNamed [ null, null ]
236 silly lockFile 5c12a853-vinyl-fs-0-1-0 vinyl-fs@^0.1.0
237 verbose lock vinyl-fs@^0.1.0 /Users/tyssen/.npm/5c12a853-vinyl-fs-0-1-0.lock
238 verbose cache add [ 'canvas@^1.1.3', null ]
239 verbose cache add name=undefined spec="canvas@^1.1.3" args=["canvas@^1.1.3",null]
240 verbose parsed url { protocol: null,
240 verbose parsed url   slashes: null,
240 verbose parsed url   auth: null,
240 verbose parsed url   host: null,
240 verbose parsed url   port: null,
240 verbose parsed url   hostname: null,
240 verbose parsed url   hash: null,
240 verbose parsed url   search: null,
240 verbose parsed url   query: null,
240 verbose parsed url   pathname: 'canvas@^1.1.3',
240 verbose parsed url   path: 'canvas@^1.1.3',
240 verbose parsed url   href: 'canvas@^1.1.3' }
241 verbose cache add name="canvas" spec="^1.1.3" args=["canvas","^1.1.3"]
242 verbose parsed url { protocol: null,
242 verbose parsed url   slashes: null,
242 verbose parsed url   auth: null,
242 verbose parsed url   host: null,
242 verbose parsed url   port: null,
242 verbose parsed url   hostname: null,
242 verbose parsed url   hash: null,
242 verbose parsed url   search: null,
242 verbose parsed url   query: null,
242 verbose parsed url   pathname: '^1.1.3',
242 verbose parsed url   path: '^1.1.3',
242 verbose parsed url   href: '^1.1.3' }
243 verbose addNamed [ 'canvas', '^1.1.3' ]
244 verbose addNamed [ null, null ]
245 silly lockFile 6b47ce89-canvas-1-1-3 canvas@^1.1.3
246 verbose lock canvas@^1.1.3 /Users/tyssen/.npm/6b47ce89-canvas-1-1-3.lock
247 info addNameTag [ 'json2css', '^4.2.2' ]
248 info addNameTag [ 'vinyl-fs', '^0.1.0' ]
249 verbose cache add [ 'lodash@^2.4.1', null ]
250 verbose cache add name=undefined spec="lodash@^2.4.1" args=["lodash@^2.4.1",null]
251 verbose parsed url { protocol: null,
251 verbose parsed url   slashes: null,
251 verbose parsed url   auth: null,
251 verbose parsed url   host: null,
251 verbose parsed url   port: null,
251 verbose parsed url   hostname: null,
251 verbose parsed url   hash: null,
251 verbose parsed url   search: null,
251 verbose parsed url   query: null,
251 verbose parsed url   pathname: 'lodash@^2.4.1',
251 verbose parsed url   path: 'lodash@^2.4.1',
251 verbose parsed url   href: 'lodash@^2.4.1' }
252 verbose cache add name="lodash" spec="^2.4.1" args=["lodash","^2.4.1"]
253 verbose parsed url { protocol: null,
253 verbose parsed url   slashes: null,
253 verbose parsed url   auth: null,
253 verbose parsed url   host: null,
253 verbose parsed url   port: null,
253 verbose parsed url   hostname: null,
253 verbose parsed url   hash: null,
253 verbose parsed url   search: null,
253 verbose parsed url   query: null,
253 verbose parsed url   pathname: '^2.4.1',
253 verbose parsed url   path: '^2.4.1',
253 verbose parsed url   href: '^2.4.1' }
254 verbose addNamed [ 'lodash', '^2.4.1' ]
255 verbose addNamed [ null, null ]
256 silly lockFile 59759450-lodash-2-4-1 lodash@^2.4.1
257 verbose lock lodash@^2.4.1 /Users/tyssen/.npm/59759450-lodash-2-4-1.lock
258 verbose cache add [ 'nomnom@^1.6.2', null ]
259 verbose cache add name=undefined spec="nomnom@^1.6.2" args=["nomnom@^1.6.2",null]
260 verbose parsed url { protocol: null,
260 verbose parsed url   slashes: null,
260 verbose parsed url   auth: null,
260 verbose parsed url   host: null,
260 verbose parsed url   port: null,
260 verbose parsed url   hostname: null,
260 verbose parsed url   hash: null,
260 verbose parsed url   search: null,
260 verbose parsed url   query: null,
260 verbose parsed url   pathname: 'nomnom@^1.6.2',
260 verbose parsed url   path: 'nomnom@^1.6.2',
260 verbose parsed url   href: 'nomnom@^1.6.2' }
261 verbose cache add name="nomnom" spec="^1.6.2" args=["nomnom","^1.6.2"]
262 verbose parsed url { protocol: null,
262 verbose parsed url   slashes: null,
262 verbose parsed url   auth: null,
262 verbose parsed url   host: null,
262 verbose parsed url   port: null,
262 verbose parsed url   hostname: null,
262 verbose parsed url   hash: null,
262 verbose parsed url   search: null,
262 verbose parsed url   query: null,
262 verbose parsed url   pathname: '^1.6.2',
262 verbose parsed url   path: '^1.6.2',
262 verbose parsed url   href: '^1.6.2' }
263 verbose addNamed [ 'nomnom', '^1.6.2' ]
264 verbose addNamed [ null, null ]
265 silly lockFile ef3cfe92-nomnom-1-6-2 nomnom@^1.6.2
266 verbose lock nomnom@^1.6.2 /Users/tyssen/.npm/ef3cfe92-nomnom-1-6-2.lock
267 info addNameTag [ 'canvas', '^1.1.3' ]
268 verbose url raw json2css
269 verbose url resolving [ 'https://registry.npmjs.org/', './json2css' ]
270 verbose url resolved https://registry.npmjs.org/json2css
271 info trying registry request attempt 1 at 07:59:28
272 http GET https://registry.npmjs.org/json2css
273 info addNameTag [ 'lodash', '^2.4.1' ]
274 verbose cache add [ 'vinyl@^0.2.3', null ]
275 verbose cache add name=undefined spec="vinyl@^0.2.3" args=["vinyl@^0.2.3",null]
276 verbose parsed url { protocol: null,
276 verbose parsed url   slashes: null,
276 verbose parsed url   auth: null,
276 verbose parsed url   host: null,
276 verbose parsed url   port: null,
276 verbose parsed url   hostname: null,
276 verbose parsed url   hash: null,
276 verbose parsed url   search: null,
276 verbose parsed url   query: null,
276 verbose parsed url   pathname: 'vinyl@^0.2.3',
276 verbose parsed url   path: 'vinyl@^0.2.3',
276 verbose parsed url   href: 'vinyl@^0.2.3' }
277 verbose cache add name="vinyl" spec="^0.2.3" args=["vinyl","^0.2.3"]
278 verbose parsed url { protocol: null,
278 verbose parsed url   slashes: null,
278 verbose parsed url   auth: null,
278 verbose parsed url   host: null,
278 verbose parsed url   port: null,
278 verbose parsed url   hostname: null,
278 verbose parsed url   hash: null,
278 verbose parsed url   search: null,
278 verbose parsed url   query: null,
278 verbose parsed url   pathname: '^0.2.3',
278 verbose parsed url   path: '^0.2.3',
278 verbose parsed url   href: '^0.2.3' }
279 verbose addNamed [ 'vinyl', '^0.2.3' ]
280 verbose addNamed [ null, null ]
281 silly lockFile 699c3907-vinyl-0-2-3 vinyl@^0.2.3
282 verbose lock vinyl@^0.2.3 /Users/tyssen/.npm/699c3907-vinyl-0-2-3.lock
283 verbose cache add [ 'graceful-fs@^2.0.1', null ]
284 verbose cache add name=undefined spec="graceful-fs@^2.0.1" args=["graceful-fs@^2.0.1",null]
285 verbose parsed url { protocol: null,
285 verbose parsed url   slashes: null,
285 verbose parsed url   auth: null,
285 verbose parsed url   host: null,
285 verbose parsed url   port: null,
285 verbose parsed url   hostname: null,
285 verbose parsed url   hash: null,
285 verbose parsed url   search: null,
285 verbose parsed url   query: null,
285 verbose parsed url   pathname: 'graceful-fs@^2.0.1',
285 verbose parsed url   path: 'graceful-fs@^2.0.1',
285 verbose parsed url   href: 'graceful-fs@^2.0.1' }
286 verbose cache add name="graceful-fs" spec="^2.0.1" args=["graceful-fs","^2.0.1"]
287 verbose parsed url { protocol: null,
287 verbose parsed url   slashes: null,
287 verbose parsed url   auth: null,
287 verbose parsed url   host: null,
287 verbose parsed url   port: null,
287 verbose parsed url   hostname: null,
287 verbose parsed url   hash: null,
287 verbose parsed url   search: null,
287 verbose parsed url   query: null,
287 verbose parsed url   pathname: '^2.0.1',
287 verbose parsed url   path: '^2.0.1',
287 verbose parsed url   href: '^2.0.1' }
288 verbose addNamed [ 'graceful-fs', '^2.0.1' ]
289 verbose addNamed [ null, null ]
290 silly lockFile 92455452-graceful-fs-2-0-1 graceful-fs@^2.0.1
291 verbose lock graceful-fs@^2.0.1 /Users/tyssen/.npm/92455452-graceful-fs-2-0-1.lock
292 verbose cache add [ 'mkdirp@^0.3.5', null ]
293 verbose cache add name=undefined spec="mkdirp@^0.3.5" args=["mkdirp@^0.3.5",null]
294 verbose parsed url { protocol: null,
294 verbose parsed url   slashes: null,
294 verbose parsed url   auth: null,
294 verbose parsed url   host: null,
294 verbose parsed url   port: null,
294 verbose parsed url   hostname: null,
294 verbose parsed url   hash: null,
294 verbose parsed url   search: null,
294 verbose parsed url   query: null,
294 verbose parsed url   pathname: 'mkdirp@^0.3.5',
294 verbose parsed url   path: 'mkdirp@^0.3.5',
294 verbose parsed url   href: 'mkdirp@^0.3.5' }
295 verbose cache add name="mkdirp" spec="^0.3.5" args=["mkdirp","^0.3.5"]
296 verbose parsed url { protocol: null,
296 verbose parsed url   slashes: null,
296 verbose parsed url   auth: null,
296 verbose parsed url   host: null,
296 verbose parsed url   port: null,
296 verbose parsed url   hostname: null,
296 verbose parsed url   hash: null,
296 verbose parsed url   search: null,
296 verbose parsed url   query: null,
296 verbose parsed url   pathname: '^0.3.5',
296 verbose parsed url   path: '^0.3.5',
296 verbose parsed url   href: '^0.3.5' }
297 verbose addNamed [ 'mkdirp', '^0.3.5' ]
298 verbose addNamed [ null, null ]
299 silly lockFile 421b7bdc-mkdirp-0-3-5 mkdirp@^0.3.5
300 verbose lock mkdirp@^0.3.5 /Users/tyssen/.npm/421b7bdc-mkdirp-0-3-5.lock
301 verbose cache add [ 'gaze@^0.5.0', null ]
302 verbose cache add name=undefined spec="gaze@^0.5.0" args=["gaze@^0.5.0",null]
303 verbose parsed url { protocol: null,
303 verbose parsed url   slashes: null,
303 verbose parsed url   auth: null,
303 verbose parsed url   host: null,
303 verbose parsed url   port: null,
303 verbose parsed url   hostname: null,
303 verbose parsed url   hash: null,
303 verbose parsed url   search: null,
303 verbose parsed url   query: null,
303 verbose parsed url   pathname: 'gaze@^0.5.0',
303 verbose parsed url   path: 'gaze@^0.5.0',
303 verbose parsed url   href: 'gaze@^0.5.0' }
304 verbose cache add name="gaze" spec="^0.5.0" args=["gaze","^0.5.0"]
305 verbose parsed url { protocol: null,
305 verbose parsed url   slashes: null,
305 verbose parsed url   auth: null,
305 verbose parsed url   host: null,
305 verbose parsed url   port: null,
305 verbose parsed url   hostname: null,
305 verbose parsed url   hash: null,
305 verbose parsed url   search: null,
305 verbose parsed url   query: null,
305 verbose parsed url   pathname: '^0.5.0',
305 verbose parsed url   path: '^0.5.0',
305 verbose parsed url   href: '^0.5.0' }
306 verbose addNamed [ 'gaze', '^0.5.0' ]
307 verbose addNamed [ null, null ]
308 silly lockFile ca719064-gaze-0-5-0 gaze@^0.5.0
309 verbose lock gaze@^0.5.0 /Users/tyssen/.npm/ca719064-gaze-0-5-0.lock
310 info addNameTag [ 'nomnom', '^1.6.2' ]
311 verbose url raw canvas
312 verbose url resolving [ 'https://registry.npmjs.org/', './canvas' ]
313 verbose url resolved https://registry.npmjs.org/canvas
314 info trying registry request attempt 1 at 07:59:28
315 http GET https://registry.npmjs.org/canvas
316 info addNameTag [ 'vinyl', '^0.2.3' ]
317 info addNameTag [ 'graceful-fs', '^2.0.1' ]
318 info addNameTag [ 'mkdirp', '^0.3.5' ]
319 verbose cache add [ 'imageinfo@^1.0.4', null ]
320 verbose cache add name=undefined spec="imageinfo@^1.0.4" args=["imageinfo@^1.0.4",null]
321 verbose parsed url { protocol: null,
321 verbose parsed url   slashes: null,
321 verbose parsed url   auth: null,
321 verbose parsed url   host: null,
321 verbose parsed url   port: null,
321 verbose parsed url   hostname: null,
321 verbose parsed url   hash: null,
321 verbose parsed url   search: null,
321 verbose parsed url   query: null,
321 verbose parsed url   pathname: 'imageinfo@^1.0.4',
321 verbose parsed url   path: 'imageinfo@^1.0.4',
321 verbose parsed url   href: 'imageinfo@^1.0.4' }
322 verbose cache add name="imageinfo" spec="^1.0.4" args=["imageinfo","^1.0.4"]
323 verbose parsed url { protocol: null,
323 verbose parsed url   slashes: null,
323 verbose parsed url   auth: null,
323 verbose parsed url   host: null,
323 verbose parsed url   port: null,
323 verbose parsed url   hostname: null,
323 verbose parsed url   hash: null,
323 verbose parsed url   search: null,
323 verbose parsed url   query: null,
323 verbose parsed url   pathname: '^1.0.4',
323 verbose parsed url   path: '^1.0.4',
323 verbose parsed url   href: '^1.0.4' }
324 verbose addNamed [ 'imageinfo', '^1.0.4' ]
325 verbose addNamed [ null, null ]
326 silly lockFile 6f9ca488-imageinfo-1-0-4 imageinfo@^1.0.4
327 verbose lock imageinfo@^1.0.4 /Users/tyssen/.npm/6f9ca488-imageinfo-1-0-4.lock
328 verbose cache add [ 'through2@^0.4.1', null ]
329 verbose cache add name=undefined spec="through2@^0.4.1" args=["through2@^0.4.1",null]
330 verbose parsed url { protocol: null,
330 verbose parsed url   slashes: null,
330 verbose parsed url   auth: null,
330 verbose parsed url   host: null,
330 verbose parsed url   port: null,
330 verbose parsed url   hostname: null,
330 verbose parsed url   hash: null,
330 verbose parsed url   search: null,
330 verbose parsed url   query: null,
330 verbose parsed url   pathname: 'through2@^0.4.1',
330 verbose parsed url   path: 'through2@^0.4.1',
330 verbose parsed url   href: 'through2@^0.4.1' }
331 verbose cache add name="through2" spec="^0.4.1" args=["through2","^0.4.1"]
332 verbose parsed url { protocol: null,
332 verbose parsed url   slashes: null,
332 verbose parsed url   auth: null,
332 verbose parsed url   host: null,
332 verbose parsed url   port: null,
332 verbose parsed url   hostname: null,
332 verbose parsed url   hash: null,
332 verbose parsed url   search: null,
332 verbose parsed url   query: null,
332 verbose parsed url   pathname: '^0.4.1',
332 verbose parsed url   path: '^0.4.1',
332 verbose parsed url   href: '^0.4.1' }
333 verbose addNamed [ 'through2', '^0.4.1' ]
334 verbose addNamed [ null, null ]
335 silly lockFile 575a3160-through2-0-4-1 through2@^0.4.1
336 verbose lock through2@^0.4.1 /Users/tyssen/.npm/575a3160-through2-0-4-1.lock
337 verbose cache add [ 'mustache@^0.8.1', null ]
338 verbose cache add name=undefined spec="mustache@^0.8.1" args=["mustache@^0.8.1",null]
339 verbose parsed url { protocol: null,
339 verbose parsed url   slashes: null,
339 verbose parsed url   auth: null,
339 verbose parsed url   host: null,
339 verbose parsed url   port: null,
339 verbose parsed url   hostname: null,
339 verbose parsed url   hash: null,
339 verbose parsed url   search: null,
339 verbose parsed url   query: null,
339 verbose parsed url   pathname: 'mustache@^0.8.1',
339 verbose parsed url   path: 'mustache@^0.8.1',
339 verbose parsed url   href: 'mustache@^0.8.1' }
340 verbose cache add name="mustache" spec="^0.8.1" args=["mustache","^0.8.1"]
341 verbose parsed url { protocol: null,
341 verbose parsed url   slashes: null,
341 verbose parsed url   auth: null,
341 verbose parsed url   host: null,
341 verbose parsed url   port: null,
341 verbose parsed url   hostname: null,
341 verbose parsed url   hash: null,
341 verbose parsed url   search: null,
341 verbose parsed url   query: null,
341 verbose parsed url   pathname: '^0.8.1',
341 verbose parsed url   path: '^0.8.1',
341 verbose parsed url   href: '^0.8.1' }
342 verbose addNamed [ 'mustache', '^0.8.1' ]
343 verbose addNamed [ null, null ]
344 silly lockFile ae013ba6-mustache-0-8-1 mustache@^0.8.1
345 verbose lock mustache@^0.8.1 /Users/tyssen/.npm/ae013ba6-mustache-0-8-1.lock
346 info addNameTag [ 'gaze', '^0.5.0' ]
347 info addNameTag [ 'imageinfo', '^1.0.4' ]
348 info addNameTag [ 'through2', '^0.4.1' ]
349 info addNameTag [ 'mustache', '^0.8.1' ]
350 verbose url raw imageinfo
351 verbose url resolving [ 'https://registry.npmjs.org/', './imageinfo' ]
352 verbose url resolved https://registry.npmjs.org/imageinfo
353 info trying registry request attempt 1 at 07:59:28
354 http GET https://registry.npmjs.org/imageinfo
355 verbose url raw mustache
356 verbose url resolving [ 'https://registry.npmjs.org/', './mustache' ]
357 verbose url resolved https://registry.npmjs.org/mustache
358 info trying registry request attempt 1 at 07:59:28
359 http GET https://registry.npmjs.org/mustache
360 verbose url raw vinyl-fs
361 verbose url resolving [ 'https://registry.npmjs.org/', './vinyl-fs' ]
362 verbose url resolved https://registry.npmjs.org/vinyl-fs
363 info trying registry request attempt 1 at 07:59:28
364 verbose etag "CDE49NOJGU4WHV01IWYDT4WXX"
365 http GET https://registry.npmjs.org/vinyl-fs
366 verbose url raw vinyl
367 verbose url resolving [ 'https://registry.npmjs.org/', './vinyl' ]
368 verbose url resolved https://registry.npmjs.org/vinyl
369 info trying registry request attempt 1 at 07:59:28
370 verbose etag "2KV1BNA3RNXJK2TPHCKYOQC8Z"
371 http GET https://registry.npmjs.org/vinyl
372 verbose url raw mkdirp
373 verbose url resolving [ 'https://registry.npmjs.org/', './mkdirp' ]
374 verbose url resolved https://registry.npmjs.org/mkdirp
375 info trying registry request attempt 1 at 07:59:28
376 verbose etag "9WIXSIBPOG776UVGT4QG69T4R"
377 http GET https://registry.npmjs.org/mkdirp
378 verbose url raw graceful-fs
379 verbose url resolving [ 'https://registry.npmjs.org/', './graceful-fs' ]
380 verbose url resolved https://registry.npmjs.org/graceful-fs
381 info trying registry request attempt 1 at 07:59:28
382 verbose etag "BD6V025TKGH0D78SJD6UF74LR"
383 http GET https://registry.npmjs.org/graceful-fs
384 verbose url raw through2
385 verbose url resolving [ 'https://registry.npmjs.org/', './through2' ]
386 verbose url resolved https://registry.npmjs.org/through2
387 info trying registry request attempt 1 at 07:59:28
388 verbose etag "AYTTZ2AU6OUH3LQS99XSLAR9K"
389 http GET https://registry.npmjs.org/through2
390 verbose url raw nomnom
391 verbose url resolving [ 'https://registry.npmjs.org/', './nomnom' ]
392 verbose url resolved https://registry.npmjs.org/nomnom
393 info trying registry request attempt 1 at 07:59:28
394 verbose etag "71V88SFZ51DLXLCW7ZY88A8QZ"
395 http GET https://registry.npmjs.org/nomnom
396 verbose url raw lodash
397 verbose url resolving [ 'https://registry.npmjs.org/', './lodash' ]
398 verbose url resolved https://registry.npmjs.org/lodash
399 info trying registry request attempt 1 at 07:59:28
400 verbose etag "5HW156ZU3L3EA1DDDIR2HXMXS"
401 http GET https://registry.npmjs.org/lodash
402 verbose url raw gaze
403 verbose url resolving [ 'https://registry.npmjs.org/', './gaze' ]
404 verbose url resolved https://registry.npmjs.org/gaze
405 info trying registry request attempt 1 at 07:59:28
406 verbose etag "E9VAROUDP5G3RUY08M4DD7PQC"
407 http GET https://registry.npmjs.org/gaze
408 http 200 https://registry.npmjs.org/mustache
409 silly registry.get cb [ 200,
409 silly registry.get   { date: 'Wed, 12 Mar 2014 21:59:29 GMT',
409 silly registry.get     server: 'CouchDB/1.5.0 (Erlang OTP/R16B)',
409 silly registry.get     etag: '"9Z90XW289F18B75ZMMCIOE320"',
409 silly registry.get     'content-type': 'application/json',
409 silly registry.get     via: '1.1 varnish',
409 silly registry.get     'cache-control': 'max-age=1',
409 silly registry.get     'content-length': '24220',
409 silly registry.get     'accept-ranges': 'bytes',
409 silly registry.get     age: '1701',
409 silly registry.get     'x-served-by': 'cache-v41-ASH, cache-syd1620-SYD',
409 silly registry.get     'x-cache': 'MISS, MISS',
409 silly registry.get     'x-cache-hits': '0, 0',
409 silly registry.get     'x-timer': 'S1394659867.812561274,VS0,VS-210,VE-197,VE1701238',
409 silly registry.get     vary: 'Accept',
409 silly registry.get     'keep-alive': 'timeout=10, max=50',
409 silly registry.get     connection: 'Keep-Alive' } ]
410 silly lockFile ae013ba6-mustache-0-8-1 mustache@^0.8.1
411 silly lockFile ae013ba6-mustache-0-8-1 mustache@^0.8.1
412 verbose about to build /Users/tyssen/Documents/Tyssen Design/Boilerplate/node_modules/css-sprite
413 info /Users/tyssen/Documents/Tyssen Design/Boilerplate/node_modules/css-sprite unbuild
414 verbose from cache /Users/tyssen/Documents/Tyssen Design/Boilerplate/node_modules/css-sprite/package.json
415 info preuninstall css-sprite@0.7.0-beta2
416 info uninstall css-sprite@0.7.0-beta2
417 verbose true,/Users/tyssen/Documents/Tyssen Design/Boilerplate/node_modules,/Users/tyssen/Documents/Tyssen Design/Boilerplate/node_modules unbuild css-sprite@0.7.0-beta2
418 verbose /Users/tyssen/Documents/Tyssen Design/Boilerplate/node_modules/.bin,[object Object] binRoot
419 info postuninstall css-sprite@0.7.0-beta2
420 error Error: No compatible version found: mustache@'^0.8.1'
420 error Valid install targets:
420 error ["0.3.1-dev","0.4.0","0.5.1-dev","0.5.2","0.6.0","0.7.0","0.7.1","0.7.2","0.7.3","0.8.0","0.8.1"]
420 error     at installTargetsError (/usr/local/lib/node_modules/npm/lib/cache.js:719:10)
420 error     at /usr/local/lib/node_modules/npm/lib/cache.js:641:10
420 error     at saved (/usr/local/lib/node_modules/npm/node_modules/npm-registry-client/lib/get.js:138:7)
420 error     at Object.oncomplete (fs.js:107:15)
421 error If you need help, you may report this log at:
421 error     <http://github.com/isaacs/npm/issues>
421 error or email it to:
421 error     <npm-@googlegroups.com>
422 error System Darwin 13.1.0
423 error command "node" "/usr/local/bin/npm" "install" "css-sprite" "--save"
424 error cwd /Users/tyssen/Documents/Tyssen Design/Boilerplate
425 error node -v v0.10.12
426 error npm -v 1.2.32
427 verbose exit [ 1, true ]
